time=2024-09-01T15:21:51.238+05:00 level=ERROR msg="Error dropping Casbin database" error="dial tcp: lookup postgres2: no such host"
time=2024-09-01T15:34:05.582+05:00 level=INFO msg="CreateCards called"
time=2024-09-01T15:35:02.090+05:00 level=INFO msg="CreateCards called"
time=2024-09-01T15:40:20.006+05:00 level=INFO msg="CreateCards called"
time=2024-09-01T15:40:20.007+05:00 level=ERROR msg="Invalid request" error="Key: 'CardRequest.CardNumber' Error:Field validation for 'CardNumber' failed on the 'credit_card' tag"
time=2024-09-01T15:41:42.062+05:00 level=INFO msg="CreateCards called"
time=2024-09-01T15:41:42.205+05:00 level=ERROR msg="Error creating card" error="rpc error: code = Unknown desc = failed to create card: pq: column \"security_code_hash\" of relation \"cards\" does not exist"
time=2024-09-01T15:46:01.043+05:00 level=INFO msg="CreateCards called"
time=2024-09-01T15:46:01.124+05:00 level=ERROR msg="Error creating card" error="rpc error: code = Unknown desc = failed to create card: pq: invalid input syntax for type date: \"12/12\""
time=2024-09-01T15:48:17.194+05:00 level=INFO msg="CreateCards called"
time=2024-09-01T15:48:17.298+05:00 level=ERROR msg="Error creating card" error="rpc error: code = Unknown desc = failed to create card: pq: value too long for type character varying(4)"
time=2024-09-01T15:50:30.336+05:00 level=INFO msg="CreateCards called"
time=2024-09-01T15:50:30.437+05:00 level=ERROR msg="Error creating card" error="rpc error: code = Unknown desc = failed to create card: pq: value too long for type character varying(4)"
time=2024-09-01T15:56:59.334+05:00 level=INFO msg="CreateCards called"
time=2024-09-01T15:56:59.441+05:00 level=ERROR msg="Error creating card" error="rpc error: code = Unknown desc = failed to create card: pq: insert or update on table \"cards\" violates foreign key constraint \"cards_user_id_fkey\""
time=2024-09-01T16:01:39.624+05:00 level=INFO msg="CreateCards called"
time=2024-09-01T16:01:45.426+05:00 level=INFO msg="CreateCards called"
time=2024-09-01T16:01:45.426+05:00 level=ERROR msg="Invalid request" error="Key: 'CardRequest.ExpiresDate' Error:Field validation for 'ExpiresDate' failed on the 'datetime' tag"
time=2024-09-01T16:02:00.553+05:00 level=INFO msg="CreateCards called"
time=2024-09-01T16:15:17.762+05:00 level=INFO msg="GetUserCards called"
time=2024-09-01T16:15:17.811+05:00 level=INFO msg="User cards retrieved successfully"
time=2024-09-01T16:15:46.203+05:00 level=INFO msg="GetAmountOfUserCard called"
time=2024-09-01T16:15:46.237+05:00 level=ERROR msg="Error getting card amount" error="rpc error: code = Unknown desc = failed to get card amount: pq: invalid input syntax for type uuid: \"{card_id}\""
time=2024-09-01T16:16:20.010+05:00 level=INFO msg="GetAmountOfUserCard called"
time=2024-09-01T16:16:20.039+05:00 level=ERROR msg="Error getting card amount" error="rpc error: code = Unknown desc = failed to get card amount: pq: invalid input syntax for type uuid: \"{card_id}\""
time=2024-09-01T16:18:18.165+05:00 level=INFO msg="GetAmountOfUserCard called"
time=2024-09-01T16:18:18.179+05:00 level=ERROR msg="Error getting card amount" error="rpc error: code = Unknown desc = failed to get card amount: pq: invalid input syntax for type uuid: \"{card_id}\""
time=2024-09-01T16:19:06.697+05:00 level=INFO msg="GetAmountOfUserCard called"
time=2024-09-01T16:19:06.731+05:00 level=ERROR msg="Error getting card amount" error="rpc error: code = Unknown desc = failed to get card amount: pq: invalid input syntax for type uuid: \"{card_id}\""
time=2024-09-01T16:19:21.357+05:00 level=INFO msg="GetUserCards called"
time=2024-09-01T16:19:21.372+05:00 level=INFO msg="User cards retrieved successfully"
time=2024-09-01T16:19:30.295+05:00 level=INFO msg="GetAmountOfUserCard called"
time=2024-09-01T16:19:30.310+05:00 level=INFO msg="Card amount retrieved successfully"
time=2024-09-01T16:19:53.250+05:00 level=INFO msg="GetAmountOfUserCard called"
time=2024-09-01T16:19:53.286+05:00 level=INFO msg="Card amount retrieved successfully"
time=2024-09-02T16:44:02.763+05:00 level=INFO msg="CreateProduct called"
time=2024-09-02T16:44:54.298+05:00 level=INFO msg="CreateProduct called"
time=2024-09-02T16:44:59.460+05:00 level=INFO msg="Product created successfully"
time=2024-09-02T16:45:10.644+05:00 level=INFO msg="GetProductsList called"
time=2024-09-02T16:45:10.662+05:00 level=ERROR msg="Seller not found" error="rpc error: code = Unknown desc = failed to check if user exists: pq: invalid input syntax for type uuid: \"string\""
time=2024-09-02T16:45:19.168+05:00 level=INFO msg="GetProductsList called"
time=2024-09-02T16:45:19.226+05:00 level=INFO msg="Products list retrieved successfully"
time=2024-09-02T16:45:23.286+05:00 level=INFO msg="GetProductsList called"
time=2024-09-02T16:45:23.292+05:00 level=INFO msg="Products list retrieved successfully"
time=2024-09-02T16:45:49.928+05:00 level=INFO msg="UploadProductPhoto called"
time=2024-09-02T16:48:26.255+05:00 level=INFO msg="UploadProductPhoto called"
time=2024-09-02T16:48:27.642+05:00 level=INFO msg="UploadProductPhoto called"
time=2024-09-02T16:49:01.763+05:00 level=INFO msg="UploadProductPhoto called"
time=2024-09-02T16:49:23.758+05:00 level=INFO msg="UploadProductPhoto called"
time=2024-09-02T16:54:48.346+05:00 level=INFO msg="UploadProductPhoto called"
time=2024-09-02T16:54:48.493+05:00 level=INFO msg="UploadMediaProduct finished successfully"
time=2024-09-02T16:55:14.760+05:00 level=INFO msg="UploadProductPhoto called"
time=2024-09-02T16:55:14.827+05:00 level=INFO msg="UploadMediaProduct finished successfully"
time=2024-09-02T16:55:20.941+05:00 level=INFO msg="GetProductsList called"
time=2024-09-02T16:55:20.991+05:00 level=INFO msg="Products list retrieved successfully"
time=2024-09-02T17:02:06.733+05:00 level=ERROR msg="Error dropping Casbin database" error="pq: database \"casbin\" is being accessed by other users"
time=2024-09-02T17:02:42.567+05:00 level=ERROR msg="Error dropping Casbin database" error="pq: database \"casbin\" is being accessed by other users"
time=2024-09-02T17:05:11.606+05:00 level=INFO msg="GetProductsList called"
time=2024-09-02T17:05:11.686+05:00 level=INFO msg="Products list retrieved successfully"
time=2024-09-02T17:05:25.636+05:00 level=INFO msg="GetProductsList called"
time=2024-09-02T17:05:25.644+05:00 level=INFO msg="Products list retrieved successfully"
time=2024-09-02T17:06:07.000+05:00 level=INFO msg="GetProductsList called"
time=2024-09-02T17:06:07.095+05:00 level=INFO msg="Products list retrieved successfully"
time=2024-09-02T17:13:50.474+05:00 level=INFO msg="GetProductsList called"
time=2024-09-02T17:13:50.682+05:00 level=INFO msg="Products list retrieved successfully"
time=2024-09-02T17:14:02.720+05:00 level=INFO msg="DeleteProductPhoto called"
time=2024-09-02T17:14:02.759+05:00 level=INFO msg="DeleteMediaProduct finished successfully"
time=2024-09-02T17:14:25.970+05:00 level=INFO msg="GetProductsList called"
time=2024-09-02T17:14:25.994+05:00 level=INFO msg="Products list retrieved successfully"
time=2024-09-02T17:15:19.483+05:00 level=INFO msg="DeleteProductPhoto called"
time=2024-09-02T17:15:19.512+05:00 level=INFO msg="DeleteMediaProduct finished successfully"
time=2024-09-02T17:21:07.281+05:00 level=INFO msg="GetProductsList called"
time=2024-09-02T17:21:07.377+05:00 level=INFO msg="Products list retrieved successfully"
time=2024-09-02T17:21:38.755+05:00 level=INFO msg="DeleteProductPhoto called"
time=2024-09-02T17:21:38.775+05:00 level=INFO msg="DeleteMediaProduct finished successfully"
time=2024-09-02T17:22:06.778+05:00 level=INFO msg="GetProductsList called"
time=2024-09-02T17:22:06.782+05:00 level=INFO msg="Products list retrieved successfully"
